#
# There is insufficient memory for the Java Runtime Environment to continue.
# Native memory allocation (malloc) failed to allocate 32744 bytes for ChunkPool::allocate
# Possible reasons:
#   The system is out of physical RAM or swap space
#   The process is running with CompressedOops enabled, and the Java Heap may be blocking the growth of the native heap
# Possible solutions:
#   Reduce memory load on the system
#   Increase physical memory or swap space
#   Check if swap backing store is full
#   Decrease Java heap size (-Xmx/-Xms)
#   Decrease number of Java threads
#   Decrease Java thread stack sizes (-Xss)
#   Set larger code cache with -XX:ReservedCodeCacheSize=
#   JVM is running with Zero Based Compressed Oops mode in which the Java heap is
#     placed in the first 32GB address space. The Java Heap base address is the
#     maximum limit for the native heap growth. Please use -XX:HeapBaseMinAddress
#     to set the Java Heap base and to place the Java Heap above 32GB virtual address.
# This output file may be truncated or incomplete.
#
#  Out of Memory Error (./src/hotspot/share/memory/arena.cpp:81), pid=10208, tid=3624
#
# JRE version: OpenJDK Runtime Environment (11.0.10) (build 11.0.10+0-b96-7249189)
# Java VM: OpenJDK 64-Bit Server VM (11.0.10+0-b96-7249189, mixed mode, tiered, compressed oops, g1 gc, windows-amd64)
# No core dump will be written. Minidumps are not enabled by default on client versions of Windows
#

---------------  S U M M A R Y ------------

Command Line: -Dorg.gradle.appname=gradlew org.gradle.wrapper.GradleWrapperMain -q -Ptarget-platform=android-x86 -Ptarget=C:\Users\disaster\Desktop\theDesktop\Mobile Dev\0_Flutter_development\starter\lib\main.dart -Pdart-defines=Zmx1dHRlci5pbnNwZWN0b3Iuc3RydWN0dXJlZEVycm9ycz10cnVl,RkxVVFRFUl9XRUJfQVVUT19ERVRFQ1Q9dHJ1ZQ== -Pdart-obfuscation=false -Ptrack-widget-creation=true -Ptree-shake-icons=false -Pfilesystem-scheme=org-dartlang-root assembleDebug

Host: Intel(R) Pentium(R) CPU 4415U @ 2.30GHz, 4 cores, 11G,  Windows 10 , 64 bit Build 19041 (10.0.19041.1348)
Time: Mon Nov 15 18:56:56 2021 Bangladesh Standard Time elapsed time: 90.453951 seconds (0d 0h 1m 30s)

---------------  T H R E A D  ---------------

Current thread (0x000002be2c98e800):  JavaThread "C1 CompilerThread0" daemon [_thread_in_native, id=3624, stack(0x000000ee07c00000,0x000000ee07d00000)]


Current CompileTask:
C1:  90454 1336       3       org.gradle.internal.logging.text.AbstractLineChoppingStyledTextOutput$1::execute (130 bytes)

Stack: [0x000000ee07c00000,0x000000ee07d00000]
Native frames: (J=compiled Java code, j=interpreted, Vv=VM code, C=native code)
V  [jvm.dll+0x5ecfaa]
V  [jvm.dll+0x722bd5]
V  [jvm.dll+0x72412d]
V  [jvm.dll+0x7247e3]
V  [jvm.dll+0x242928]
V  [jvm.dll+0xbc75b]
V  [jvm.dll+0xbca0c]
V  [jvm.dll+0x243b31]
V  [jvm.dll+0x243eac]
V  [jvm.dll+0x243689]
V  [jvm.dll+0x139326]
V  [jvm.dll+0x1392b7]
V  [jvm.dll+0x13ef57]
V  [jvm.dll+0x13f37c]
V  [jvm.dll+0x13f643]
V  [jvm.dll+0x13f48b]
V  [jvm.dll+0x1235a4]
V  [jvm.dll+0x1232c5]
V  [jvm.dll+0x1233e3]
V  [jvm.dll+0x1226f7]
V  [jvm.dll+0x1242c7]
V  [jvm.dll+0x208ee7]
V  [jvm.dll+0x207731]
V  [jvm.dll+0x6eb1cf]
V  [jvm.dll+0x6e3d45]
V  [jvm.dll+0x5ebe96]
C  [ucrtbase.dll+0x21bb2]
C  [KERNEL32.DLL+0x17034]
C  [ntdll.dll+0x52651]


---------------  P R O C E S S  ---------------

Threads class SMR info:
_java_thread_list=0x000002be2cbf24e0, length=13, elements={
0x000002be0ffcf800, 0x000002be2c0f4800, 0x000002be2c0f5800, 0x000002be2c943800,
0x000002be2c945800, 0x000002be2c947800, 0x000002be2c98d800, 0x000002be2c98e800,
0x000002be2c9a0800, 0x000002be2cae9000, 0x000002be2d420000, 0x000002be2ce87000,
0x000002be2cc13800
}

Java Threads: ( => current thread )
  0x000002be0ffcf800 JavaThread "main" [_thread_in_native, id=21144, stack(0x000000ee06f00000,0x000000ee07000000)]
  0x000002be2c0f4800 JavaThread "Reference Handler" daemon [_thread_blocked, id=10948, stack(0x000000ee07600000,0x000000ee07700000)]
  0x000002be2c0f5800 JavaThread "Finalizer" daemon [_thread_blocked, id=18272, stack(0x000000ee07700000,0x000000ee07800000)]
  0x000002be2c943800 JavaThread "Signal Dispatcher" daemon [_thread_blocked, id=15084, stack(0x000000ee07800000,0x000000ee07900000)]
  0x000002be2c945800 JavaThread "Attach Listener" daemon [_thread_blocked, id=11864, stack(0x000000ee07900000,0x000000ee07a00000)]
  0x000002be2c947800 JavaThread "Service Thread" daemon [_thread_blocked, id=19904, stack(0x000000ee07a00000,0x000000ee07b00000)]
  0x000002be2c98d800 JavaThread "C2 CompilerThread0" daemon [_thread_blocked, id=10072, stack(0x000000ee07b00000,0x000000ee07c00000)]
=>0x000002be2c98e800 JavaThread "C1 CompilerThread0" daemon [_thread_in_native, id=3624, stack(0x000000ee07c00000,0x000000ee07d00000)]
  0x000002be2c9a0800 JavaThread "Sweeper thread" daemon [_thread_blocked, id=18932, stack(0x000000ee07d00000,0x000000ee07e00000)]
  0x000002be2cae9000 JavaThread "Common-Cleaner" daemon [_thread_blocked, id=6072, stack(0x000000ee07f00000,0x000000ee08000000)]
  0x000002be2d420000 JavaThread "pool-1-thread-1" [_thread_blocked, id=7544, stack(0x000000ee08300000,0x000000ee08400000)]
  0x000002be2ce87000 JavaThread "DisconnectableInputStream source reader" daemon [_thread_in_native, id=14992, stack(0x000000ee08500000,0x000000ee08600000)]
  0x000002be2cc13800 JavaThread "Forward input" [_thread_blocked, id=18484, stack(0x000000ee08600000,0x000000ee08700000)]

Other Threads:
  0x000002be2c934000 VMThread "VM Thread" [stack: 0x000000ee07500000,0x000000ee07600000] [id=14204]
  0x000002be2cae0000 WatcherThread [stack: 0x000000ee07e00000,0x000000ee07f00000] [id=21580]
  0x000002be0ffe6800 GCTaskThread "GC Thread#0" [stack: 0x000000ee07000000,0x000000ee07100000] [id=872]
  0x000002be2d2e1800 GCTaskThread "GC Thread#1" [stack: 0x000000ee08000000,0x000000ee08100000] [id=19376]
  0x000002be2d2e2800 GCTaskThread "GC Thread#2" [stack: 0x000000ee08100000,0x000000ee08200000] [id=16664]
  0x000002be2d2e3000 GCTaskThread "GC Thread#3" [stack: 0x000000ee08200000,0x000000ee08300000] [id=9760]
  0x000002be1002c000 ConcurrentGCThread "G1 Main Marker" [stack: 0x000000ee07100000,0x000000ee07200000] [id=3676]
  0x000002be1002e800 ConcurrentGCThread "G1 Conc#0" [stack: 0x000000ee07200000,0x000000ee07300000] [id=21660]
  0x000002be100ae800 ConcurrentGCThread "G1 Refine#0" [stack: 0x000000ee07300000,0x000000ee07400000] [id=4484]
  0x000002be2bf5e800 ConcurrentGCThread "G1 Young RemSet Sampling" [stack: 0x000000ee07400000,0x000000ee07500000] [id=18480]

Threads with active compile tasks:
C1 CompilerThread0  90527 1336       3       org.gradle.internal.logging.text.AbstractLineChoppingStyledTextOutput$1::execute (130 bytes)

VM state:not at safepoint (normal execution)

VM Mutex/Monitor currently owned by a thread: None

Heap address: 0x0000000741e00000, size: 3042 MB, Compressed Oops mode: Zero based, Oop shift amount: 3
Narrow klass base: 0x0000000800000000, Narrow klass shift: 0
Compressed class space size: 1073741824 Address: 0x0000000800000000

Heap:
 garbage-first heap   total 196608K, used 17572K [0x0000000741e00000, 0x0000000800000000)
  region size 1024K, 11 young (11264K), 1 survivors (1024K)
 Metaspace       used 15501K, capacity 15868K, committed 16000K, reserved 1062912K
  class space    used 1734K, capacity 1867K, committed 1920K, reserved 1048576K
Heap Regions: E=young(eden), S=young(survivor), O=old, HS=humongous(starts), HC=humongous(continues), CS=collection set, F=free, A=archive, TAMS=top-at-mark-start (previous, next)
|   0|0x0000000741e00000, 0x0000000741f00000, 0x0000000741f00000|100%| O|  |TAMS 0x0000000741e00000, 0x0000000741e00000| Untracked 
|   1|0x0000000741f00000, 0x0000000741f68200, 0x0000000742000000| 40%| O|  |TAMS 0x0000000741f00000, 0x0000000741f00000| Untracked 
|   2|0x0000000742000000, 0x0000000742000000, 0x0000000742100000|  0%| F|  |TAMS 0x0000000742000000, 0x0000000742000000| Untracked 
|   3|0x0000000742100000, 0x0000000742200000, 0x0000000742200000|100%|HS|  |TAMS 0x0000000742100000, 0x0000000742100000| Complete 
|   4|0x0000000742200000, 0x0000000742300000, 0x0000000742300000|100%|HC|  |TAMS 0x0000000742200000, 0x0000000742200000| Complete 
|   5|0x0000000742300000, 0x0000000742400000, 0x0000000742400000|100%|HC|  |TAMS 0x0000000742300000, 0x0000000742300000| Complete 
|   6|0x0000000742400000, 0x0000000742500000, 0x0000000742500000|100%| O|  |TAMS 0x0000000742400000, 0x0000000742400000| Untracked 
|   7|0x0000000742500000, 0x0000000742600000, 0x0000000742600000|100%| O|  |TAMS 0x0000000742500000, 0x0000000742500000| Untracked 
|   8|0x0000000742600000, 0x0000000742700000, 0x0000000742700000|100%| O|  |TAMS 0x0000000742600000, 0x0000000742600000| Untracked 
|   9|0x0000000742700000, 0x0000000742700000, 0x0000000742800000|  0%| F|  |TAMS 0x0000000742700000, 0x0000000742700000| Untracked 
|  10|0x0000000742800000, 0x0000000742800000, 0x0000000742900000|  0%| F|  |TAMS 0x0000000742800000, 0x0000000742800000| Untracked 
|  11|0x0000000742900000, 0x0000000742900000, 0x0000000742a00000|  0%| F|  |TAMS 0x0000000742900000, 0x0000000742900000| Untracked 
|  12|0x0000000742a00000, 0x0000000742a00000, 0x0000000742b00000|  0%| F|  |TAMS 0x0000000742a00000, 0x0000000742a00000| Untracked 
|  13|0x0000000742b00000, 0x0000000742b00000, 0x0000000742c00000|  0%| F|  |TAMS 0x0000000742b00000, 0x0000000742b00000| Untracked 
|  14|0x0000000742c00000, 0x0000000742c00000, 0x0000000742d00000|  0%| F|  |TAMS 0x0000000742c00000, 0x0000000742c00000| Untracked 
|  15|0x0000000742d00000, 0x0000000742d00000, 0x0000000742e00000|  0%| F|  |TAMS 0x0000000742d00000, 0x0000000742d00000| Untracked 
|  16|0x0000000742e00000, 0x0000000742e00000, 0x0000000742f00000|  0%| F|  |TAMS 0x0000000742e00000, 0x0000000742e00000| Untracked 
|  17|0x0000000742f00000, 0x0000000742f00000, 0x0000000743000000|  0%| F|  |TAMS 0x0000000742f00000, 0x0000000742f00000| Untracked 
|  18|0x0000000743000000, 0x0000000743000000, 0x0000000743100000|  0%| F|  |TAMS 0x0000000743000000, 0x0000000743000000| Untracked 
|  19|0x0000000743100000, 0x0000000743100000, 0x0000000743200000|  0%| F|  |TAMS 0x0000000743100000, 0x0000000743100000| Untracked 
|  20|0x0000000743200000, 0x0000000743200000, 0x0000000743300000|  0%| F|  |TAMS 0x0000000743200000, 0x0000000743200000| Untracked 
|  21|0x0000000743300000, 0x0000000743300000, 0x0000000743400000|  0%| F|  |TAMS 0x0000000743300000, 0x0000000743300000| Untracked 
|  22|0x0000000743400000, 0x0000000743400000, 0x0000000743500000|  0%| F|  |TAMS 0x0000000743400000, 0x0000000743400000| Untracked 
|  23|0x0000000743500000, 0x0000000743500000, 0x0000000743600000|  0%| F|  |TAMS 0x0000000743500000, 0x0000000743500000| Untracked 
|  24|0x0000000743600000, 0x0000000743600000, 0x0000000743700000|  0%| F|  |TAMS 0x0000000743600000, 0x0000000743600000| Untracked 
|  25|0x0000000743700000, 0x0000000743700000, 0x0000000743800000|  0%| F|  |TAMS 0x0000000743700000, 0x0000000743700000| Untracked 
|  26|0x0000000743800000, 0x0000000743800000, 0x0000000743900000|  0%| F|  |TAMS 0x0000000743800000, 0x0000000743800000| Untracked 
|  27|0x0000000743900000, 0x0000000743900000, 0x0000000743a00000|  0%| F|  |TAMS 0x0000000743900000, 0x0000000743900000| Untracked 
|  28|0x0000000743a00000, 0x0000000743a00000, 0x0000000743b00000|  0%| F|  |TAMS 0x0000000743a00000, 0x0000000743a00000| Untracked 
|  29|0x0000000743b00000, 0x0000000743b00000, 0x0000000743c00000|  0%| F|  |TAMS 0x0000000743b00000, 0x0000000743b00000| Untracked 
|  30|0x0000000743c00000, 0x0000000743c00000, 0x0000000743d00000|  0%| F|  |TAMS 0x0000000743c00000, 0x0000000743c00000| Untracked 
|  31|0x0000000743d00000, 0x0000000743d00000, 0x0000000743e00000|  0%| F|  |TAMS 0x0000000743d00000, 0x0000000743d00000| Untracked 
|  32|0x0000000743e00000, 0x0000000743e00000, 0x0000000743f00000|  0%| F|  |TAMS 0x0000000743e00000, 0x0000000743e00000| Untracked 
|  33|0x0000000743f00000, 0x0000000743f00000, 0x0000000744000000|  0%| F|  |TAMS 0x0000000743f00000, 0x0000000743f00000| Untracked 
|  34|0x0000000744000000, 0x0000000744000000, 0x0000000744100000|  0%| F|  |TAMS 0x0000000744000000, 0x0000000744000000| Untracked 
|  35|0x0000000744100000, 0x0000000744100000, 0x0000000744200000|  0%| F|  |TAMS 0x0000000744100000, 0x0000000744100000| Untracked 
|  36|0x0000000744200000, 0x0000000744200000, 0x0000000744300000|  0%| F|  |TAMS 0x0000000744200000, 0x0000000744200000| Untracked 
|  37|0x0000000744300000, 0x0000000744300000, 0x0000000744400000|  0%| F|  |TAMS 0x0000000744300000, 0x0000000744300000| Untracked 
|  38|0x0000000744400000, 0x0000000744400000, 0x0000000744500000|  0%| F|  |TAMS 0x0000000744400000, 0x0000000744400000| Untracked 
|  39|0x0000000744500000, 0x0000000744500000, 0x0000000744600000|  0%| F|  |TAMS 0x0000000744500000, 0x0000000744500000| Untracked 
|  40|0x0000000744600000, 0x0000000744600000, 0x0000000744700000|  0%| F|  |TAMS 0x0000000744600000, 0x0000000744600000| Untracked 
|  41|0x0000000744700000, 0x0000000744700000, 0x0000000744800000|  0%| F|  |TAMS 0x0000000744700000, 0x0000000744700000| Untracked 
|  42|0x0000000744800000, 0x0000000744800000, 0x0000000744900000|  0%| F|  |TAMS 0x0000000744800000, 0x0000000744800000| Untracked 
|  43|0x0000000744900000, 0x0000000744900000, 0x0000000744a00000|  0%| F|  |TAMS 0x0000000744900000, 0x0000000744900000| Untracked 
|  44|0x0000000744a00000, 0x0000000744a00000, 0x0000000744b00000|  0%| F|  |TAMS 0x0000000744a00000, 0x0000000744a00000| Untracked 
|  45|0x0000000744b00000, 0x0000000744b00000, 0x0000000744c00000|  0%| F|  |TAMS 0x0000000744b00000, 0x0000000744b00000| Untracked 
|  46|0x0000000744c00000, 0x0000000744c00000, 0x0000000744d00000|  0%| F|  |TAMS 0x0000000744c00000, 0x0000000744c00000| Untracked 
|  47|0x0000000744d00000, 0x0000000744d00000, 0x0000000744e00000|  0%| F|  |TAMS 0x0000000744d00000, 0x0000000744d00000| Untracked 
|  48|0x0000000744e00000, 0x0000000744e00000, 0x0000000744f00000|  0%| F|  |TAMS 0x0000000744e00000, 0x0000000744e00000| Untracked 
|  49|0x0000000744f00000, 0x0000000744f00000, 0x0000000745000000|  0%| F|  |TAMS 0x0000000744f00000, 0x0000000744f00000| Untracked 
|  50|0x0000000745000000, 0x0000000745000000, 0x0000000745100000|  0%| F|  |TAMS 0x0000000745000000, 0x0000000745000000| Untracked 
|  51|0x0000000745100000, 0x0000000745100000, 0x0000000745200000|  0%| F|  |TAMS 0x0000000745100000, 0x0000000745100000| Untracked 
|  52|0x0000000745200000, 0x0000000745200000, 0x0000000745300000|  0%| F|  |TAMS 0x0000000745200000, 0x0000000745200000| Untracked 
|  53|0x0000000745300000, 0x0000000745300000, 0x0000000745400000|  0%| F|  |TAMS 0x0000000745300000, 0x0000000745300000| Untracked 
|  54|0x0000000745400000, 0x0000000745400000, 0x0000000745500000|  0%| F|  |TAMS 0x0000000745400000, 0x0000000745400000| Untracked 
|  55|0x0000000745500000, 0x0000000745500000, 0x0000000745600000|  0%| F|  |TAMS 0x0000000745500000, 0x0000000745500000| Untracked 
|  56|0x0000000745600000, 0x0000000745600000, 0x0000000745700000|  0%| F|  |TAMS 0x0000000745600000, 0x0000000745600000| Untracked 
|  57|0x0000000745700000, 0x0000000745700000, 0x0000000745800000|  0%| F|  |TAMS 0x0000000745700000, 0x0000000745700000| Untracked 
|  58|0x0000000745800000, 0x0000000745800000, 0x0000000745900000|  0%| F|  |TAMS 0x0000000745800000, 0x0000000745800000| Untracked 
|  59|0x0000000745900000, 0x0000000745900000, 0x0000000745a00000|  0%| F|  |TAMS 0x0000000745900000, 0x0000000745900000| Untracked 
|  60|0x0000000745a00000, 0x0000000745a00000, 0x0000000745b00000|  0%| F|  |TAMS 0x0000000745a00000, 0x0000000745a00000| Untracked 
|  61|0x0000000745b00000, 0x0000000745b00000, 0x0000000745c00000|  0%| F|  |TAMS 0x0000000745b00000, 0x0000000745b00000| Untracked 
|  62|0x0000000745c00000, 0x0000000745c00000, 0x0000000745d00000|  0%| F|  |TAMS 0x0000000745c00000, 0x0000000745c00000| Untracked 
|  63|0x0000000745d00000, 0x0000000745d00000, 0x0000000745e00000|  0%| F|  |TAMS 0x0000000745d00000, 0x0000000745d00000| Untracked 
|  64|0x0000000745e00000, 0x0000000745e00000, 0x0000000745f00000|  0%| F|  |TAMS 0x0000000745e00000, 0x0000000745e00000| Untracked 
|  65|0x0000000745f00000, 0x0000000745f00000, 0x0000000746000000|  0%| F|  |TAMS 0x0000000745f00000, 0x0000000745f00000| Untracked 
|  66|0x0000000746000000, 0x0000000746000000, 0x0000000746100000|  0%| F|  |TAMS 0x0000000746000000, 0x0000000746000000| Untracked 
|  67|0x0000000746100000, 0x0000000746100000, 0x0000000746200000|  0%| F|  |TAMS 0x0000000746100000, 0x0000000746100000| Untracked 
|  68|0x0000000746200000, 0x0000000746200000, 0x0000000746300000|  0%| F|  |TAMS 0x0000000746200000, 0x0000000746200000| Untracked 
|  69|0x0000000746300000, 0x0000000746300000, 0x0000000746400000|  0%| F|  |TAMS 0x0000000746300000, 0x0000000746300000| Untracked 
|  70|0x0000000746400000, 0x0000000746400000, 0x0000000746500000|  0%| F|  |TAMS 0x0000000746400000, 0x0000000746400000| Untracked 
|  71|0x0000000746500000, 0x0000000746500000, 0x0000000746600000|  0%| F|  |TAMS 0x0000000746500000, 0x0000000746500000| Untracked 
|  72|0x0000000746600000, 0x0000000746600000, 0x0000000746700000|  0%| F|  |TAMS 0x0000000746600000, 0x0000000746600000| Untracked 
|  73|0x0000000746700000, 0x0000000746700000, 0x0000000746800000|  0%| F|  |TAMS 0x0000000746700000, 0x0000000746700000| Untracked 
|  74|0x0000000746800000, 0x0000000746800000, 0x0000000746900000|  0%| F|  |TAMS 0x0000000746800000, 0x0000000746800000| Untracked 
|  75|0x0000000746900000, 0x0000000746900000, 0x0000000746a00000|  0%| F|  |TAMS 0x0000000746900000, 0x0000000746900000| Untracked 
|  76|0x0000000746a00000, 0x0000000746a00000, 0x0000000746b00000|  0%| F|  |TAMS 0x0000000746a00000, 0x0000000746a00000| Untracked 
|  77|0x0000000746b00000, 0x0000000746b00000, 0x0000000746c00000|  0%| F|  |TAMS 0x0000000746b00000, 0x0000000746b00000| Untracked 
|  78|0x0000000746c00000, 0x0000000746c00000, 0x0000000746d00000|  0%| F|  |TAMS 0x0000000746c00000, 0x0000000746c00000| Untracked 
|  79|0x0000000746d00000, 0x0000000746d00000, 0x0000000746e00000|  0%| F|  |TAMS 0x0000000746d00000, 0x0000000746d00000| Untracked 
|  80|0x0000000746e00000, 0x0000000746e00000, 0x0000000746f00000|  0%| F|  |TAMS 0x0000000746e00000, 0x0000000746e00000| Untracked 
|  81|0x0000000746f00000, 0x0000000746f00000, 0x0000000747000000|  0%| F|  |TAMS 0x0000000746f00000, 0x0000000746f00000| Untracked 
|  82|0x0000000747000000, 0x0000000747000000, 0x0000000747100000|  0%| F|  |TAMS 0x0000000747000000, 0x0000000747000000| Untracked 
|  83|0x0000000747100000, 0x0000000747100000, 0x0000000747200000|  0%| F|  |TAMS 0x0000000747100000, 0x0000000747100000| Untracked 
|  84|0x0000000747200000, 0x0000000747200000, 0x0000000747300000|  0%| F|  |TAMS 0x0000000747200000, 0x0000000747200000| Untracked 
|  85|0x0000000747300000, 0x0000000747300000, 0x0000000747400000|  0%| F|  |TAMS 0x0000000747300000, 0x0000000747300000| Untracked 
|  86|0x0000000747400000, 0x0000000747400000, 0x0000000747500000|  0%| F|  |TAMS 0x0000000747400000, 0x0000000747400000| Untracked 
|  87|0x0000000747500000, 0x0000000747500000, 0x0000000747600000|  0%| F|  |TAMS 0x0000000747500000, 0x0000000747500000| Untracked 
|  88|0x0000000747600000, 0x0000000747600000, 0x0000000747700000|  0%| F|  |TAMS 0x0000000747600000, 0x0000000747600000| Untracked 
|  89|0x0000000747700000, 0x0000000747700000, 0x0000000747800000|  0%| F|  |TAMS 0x0000000747700000, 0x0000000747700000| Untracked 
|  90|0x0000000747800000, 0x0000000747800000, 0x0000000747900000|  0%| F|  |TAMS 0x0000000747800000, 0x0000000747800000| Untracked 
|  91|0x0000000747900000, 0x0000000747900000, 0x0000000747a00000|  0%| F|  |TAMS 0x0000000747900000, 0x0000000747900000| Untracked 
|  92|0x0000000747a00000, 0x0000000747a00000, 0x0000000747b00000|  0%| F|  |TAMS 0x0000000747a00000, 0x0000000747a00000| Untracked 
|  93|0x0000000747b00000, 0x0000000747b00000, 0x0000000747c00000|  0%| F|  |TAMS 0x0000000747b00000, 0x0000000747b00000| Untracked 
|  94|0x0000000747c00000, 0x0000000747c00000, 0x0000000747d00000|  0%| F|  |TAMS 0x0000000747c00000, 0x0000000747c00000| Untracked 
|  95|0x0000000747d00000, 0x0000000747d00000, 0x0000000747e00000|  0%| F|  |TAMS 0x0000000747d00000, 0x0000000747d00000| Untracked 
|  96|0x0000000747e00000, 0x0000000747e00000, 0x0000000747f00000|  0%| F|  |TAMS 0x0000000747e00000, 0x0000000747e00000| Untracked 
|  97|0x0000000747f00000, 0x0000000747f00000, 0x0000000748000000|  0%| F|  |TAMS 0x0000000747f00000, 0x0000000747f00000| Untracked 
|  98|0x0000000748000000, 0x0000000748000000, 0x0000000748100000|  0%| F|  |TAMS 0x0000000748000000, 0x0000000748000000| Untracked 
|  99|0x0000000748100000, 0x0000000748100000, 0x0000000748200000|  0%| F|  |TAMS 0x0000000748100000, 0x0000000748100000| Untracked 
| 100|0x0000000748200000, 0x0000000748200000, 0x0000000748300000|  0%| F|  |TAMS 0x0000000748200000, 0x0000000748200000| Untracked 
| 101|0x0000000748300000, 0x0000000748300000, 0x0000000748400000|  0%| F|  |TAMS 0x0000000748300000, 0x0000000748300000| Untracked 
| 102|0x0000000748400000, 0x0000000748400000, 0x0000000748500000|  0%| F|  |TAMS 0x0000000748400000, 0x0000000748400000| Untracked 
| 103|0x0000000748500000, 0x0000000748500000, 0x0000000748600000|  0%| F|  |TAMS 0x0000000748500000, 0x0000000748500000| Untracked 
| 104|0x0000000748600000, 0x0000000748600000, 0x0000000748700000|  0%| F|  |TAMS 0x0000000748600000, 0x0000000748600000| Untracked 
| 105|0x0000000748700000, 0x0000000748700000, 0x0000000748800000|  0%| F|  |TAMS 0x0000000748700000, 0x0000000748700000| Untracked 
| 106|0x0000000748800000, 0x0000000748800000, 0x0000000748900000|  0%| F|  |TAMS 0x0000000748800000, 0x0000000748800000| Untracked 
| 107|0x0000000748900000, 0x0000000748900000, 0x0000000748a00000|  0%| F|  |TAMS 0x0000000748900000, 0x0000000748900000| Untracked 
| 108|0x0000000748a00000, 0x0000000748a00000, 0x0000000748b00000|  0%| F|  |TAMS 0x0000000748a00000, 0x0000000748a00000| Untracked 
| 109|0x0000000748b00000, 0x0000000748b00000, 0x0000000748c00000|  0%| F|  |TAMS 0x0000000748b00000, 0x0000000748b00000| Untracked 
| 110|0x0000000748c00000, 0x0000000748c00000, 0x0000000748d00000|  0%| F|  |TAMS 0x0000000748c00000, 0x0000000748c00000| Untracked 
| 111|0x0000000748d00000, 0x0000000748d00000, 0x0000000748e00000|  0%| F|  |TAMS 0x0000000748d00000, 0x0000000748d00000| Untracked 
| 112|0x0000000748e00000, 0x0000000748e00000, 0x0000000748f00000|  0%| F|  |TAMS 0x0000000748e00000, 0x0000000748e00000| Untracked 
| 113|0x0000000748f00000, 0x0000000748f00000, 0x0000000749000000|  0%| F|  |TAMS 0x0000000748f00000, 0x0000000748f00000| Untracked 
| 114|0x0000000749000000, 0x0000000749000000, 0x0000000749100000|  0%| F|  |TAMS 0x0000000749000000, 0x0000000749000000| Untracked 
| 115|0x0000000749100000, 0x0000000749100000, 0x0000000749200000|  0%| F|  |TAMS 0x0000000749100000, 0x0000000749100000| Untracked 
| 116|0x0000000749200000, 0x0000000749200000, 0x0000000749300000|  0%| F|  |TAMS 0x0000000749200000, 0x0000000749200000| Untracked 
| 117|0x0000000749300000, 0x0000000749300000, 0x0000000749400000|  0%| F|  |TAMS 0x0000000749300000, 0x0000000749300000| Untracked 
| 118|0x0000000749400000, 0x0000000749400000, 0x0000000749500000|  0%| F|  |TAMS 0x0000000749400000, 0x0000000749400000| Untracked 
| 119|0x0000000749500000, 0x0000000749500000, 0x0000000749600000|  0%| F|  |TAMS 0x0000000749500000, 0x0000000749500000| Untracked 
| 120|0x0000000749600000, 0x0000000749600000, 0x0000000749700000|  0%| F|  |TAMS 0x0000000749600000, 0x0000000749600000| Untracked 
| 121|0x0000000749700000, 0x0000000749700000, 0x0000000749800000|  0%| F|  |TAMS 0x0000000749700000, 0x0000000749700000| Untracked 
| 122|0x0000000749800000, 0x0000000749800000, 0x0000000749900000|  0%| F|  |TAMS 0x0000000749800000, 0x0000000749800000| Untracked 
| 123|0x0000000749900000, 0x0000000749900000, 0x0000000749a00000|  0%| F|  |TAMS 0x0000000749900000, 0x0000000749900000| Untracked 
| 124|0x0000000749a00000, 0x0000000749a00000, 0x0000000749b00000|  0%| F|  |TAMS 0x0000000749a00000, 0x0000000749a00000| Untracked 
| 125|0x0000000749b00000, 0x0000000749b00000, 0x0000000749c00000|  0%| F|  |TAMS 0x0000000749b00000, 0x0000000749b00000| Untracked 
| 126|0x0000000749c00000, 0x0000000749c00000, 0x0000000749d00000|  0%| F|  |TAMS 0x0000000749c00000, 0x0000000749c00000| Untracked 
| 127|0x0000000749d00000, 0x0000000749d00000, 0x0000000749e00000|  0%| F|  |TAMS 0x0000000749d00000, 0x0000000749d00000| Untracked 
| 128|0x0000000749e00000, 0x0000000749e00000, 0x0000000749f00000|  0%| F|  |TAMS 0x0000000749e00000, 0x0000000749e00000| Untracked 
| 129|0x0000000749f00000, 0x0000000749f00000, 0x000000074a000000|  0%| F|  |TAMS 0x0000000749f00000, 0x0000000749f00000| Untracked 
| 130|0x000000074a000000, 0x000000074a000000, 0x000000074a100000|  0%| F|  |TAMS 0x000000074a000000, 0x000000074a000000| Untracked 
| 131|0x000000074a100000, 0x000000074a100000, 0x000000074a200000|  0%| F|  |TAMS 0x000000074a100000, 0x000000074a100000| Untracked 
| 132|0x000000074a200000, 0x000000074a200000, 0x000000074a300000|  0%| F|  |TAMS 0x000000074a200000, 0x000000074a200000| Untracked 
| 133|0x000000074a300000, 0x000000074a300000, 0x000000074a400000|  0%| F|  |TAMS 0x000000074a300000, 0x000000074a300000| Untracked 
| 134|0x000000074a400000, 0x000000074a400000, 0x000000074a500000|  0%| F|  |TAMS 0x000000074a400000, 0x000000074a400000| Untracked 
| 135|0x000000074a500000, 0x000000074a500000, 0x000000074a600000|  0%| F|  |TAMS 0x000000074a500000, 0x000000074a500000| Untracked 
| 136|0x000000074a600000, 0x000000074a600000, 0x000000074a700000|  0%| F|  |TAMS 0x000000074a600000, 0x000000074a600000| Untracked 
| 137|0x000000074a700000, 0x000000074a700000, 0x000000074a800000|  0%| F|  |TAMS 0x000000074a700000, 0x000000074a700000| Untracked 
| 138|0x000000074a800000, 0x000000074a800000, 0x000000074a900000|  0%| F|  |TAMS 0x000000074a800000, 0x000000074a800000| Untracked 
| 139|0x000000074a900000, 0x000000074a900000, 0x000000074aa00000|  0%| F|  |TAMS 0x000000074a900000, 0x000000074a900000| Untracked 
| 140|0x000000074aa00000, 0x000000074aa00000, 0x000000074ab00000|  0%| F|  |TAMS 0x000000074aa00000, 0x000000074aa00000| Untracked 
| 141|0x000000074ab00000, 0x000000074ab00000, 0x000000074ac00000|  0%| F|  |TAMS 0x000000074ab00000, 0x000000074ab00000| Untracked 
| 142|0x000000074ac00000, 0x000000074ac00000, 0x000000074ad00000|  0%| F|  |TAMS 0x000000074ac00000, 0x000000074ac00000| Untracked 
| 143|0x000000074ad00000, 0x000000074ad00000, 0x000000074ae00000|  0%| F|  |TAMS 0x000000074ad00000, 0x000000074ad00000| Untracked 
| 144|0x000000074ae00000, 0x000000074ae00000, 0x000000074af00000|  0%| F|  |TAMS 0x000000074ae00000, 0x000000074ae00000| Untracked 
| 145|0x000000074af00000, 0x000000074af00000, 0x000000074b000000|  0%| F|  |TAMS 0x000000074af00000, 0x000000074af00000| Untracked 
| 146|0x000000074b000000, 0x000000074b000000, 0x000000074b100000|  0%| F|  |TAMS 0x000000074b000000, 0x000000074b000000| Untracked 
| 147|0x000000074b100000, 0x000000074b100000, 0x000000074b200000|  0%| F|  |TAMS 0x000000074b100000, 0x000000074b100000| Untracked 
| 148|0x000000074b200000, 0x000000074b200000, 0x000000074b300000|  0%| F|  |TAMS 0x000000074b200000, 0x000000074b200000| Untracked 
| 149|0x000000074b300000, 0x000000074b300000, 0x000000074b400000|  0%| F|  |TAMS 0x000000074b300000, 0x000000074b300000| Untracked 
| 150|0x000000074b400000, 0x000000074b400000, 0x000000074b500000|  0%| F|  |TAMS 0x000000074b400000, 0x000000074b400000| Untracked 
| 151|0x000000074b500000, 0x000000074b500000, 0x000000074b600000|  0%| F|  |TAMS 0x000000074b500000, 0x000000074b500000| Untracked 
| 152|0x000000074b600000, 0x000000074b600000, 0x000000074b700000|  0%| F|  |TAMS 0x000000074b600000, 0x000000074b600000| Untracked 
| 153|0x000000074b700000, 0x000000074b700000, 0x000000074b800000|  0%| F|  |TAMS 0x000000074b700000, 0x000000074b700000| Untracked 
| 154|0x000000074b800000, 0x000000074b800000, 0x000000074b900000|  0%| F|  |TAMS 0x000000074b800000, 0x000000074b800000| Untracked 
| 155|0x000000074b900000, 0x000000074b900000, 0x000000074ba00000|  0%| F|  |TAMS 0x000000074b900000, 0x000000074b900000| Untracked 
| 156|0x000000074ba00000, 0x000000074ba00000, 0x000000074bb00000|  0%| F|  |TAMS 0x000000074ba00000, 0x000000074ba00000| Untracked 
| 157|0x000000074bb00000, 0x000000074bb00000, 0x000000074bc00000|  0%| F|  |TAMS 0x000000074bb00000, 0x000000074bb00000| Untracked 
| 158|0x000000074bc00000, 0x000000074bc00000, 0x000000074bd00000|  0%| F|  |TAMS 0x000000074bc00000, 0x000000074bc00000| Untracked 
| 159|0x000000074bd00000, 0x000000074bd00000, 0x000000074be00000|  0%| F|  |TAMS 0x000000074bd00000, 0x000000074bd00000| Untracked 
| 160|0x000000074be00000, 0x000000074be00000, 0x000000074bf00000|  0%| F|  |TAMS 0x000000074be00000, 0x000000074be00000| Untracked 
| 161|0x000000074bf00000, 0x000000074bf00000, 0x000000074c000000|  0%| F|  |TAMS 0x000000074bf00000, 0x000000074bf00000| Untracked 
| 162|0x000000074c000000, 0x000000074c000000, 0x000000074c100000|  0%| F|  |TAMS 0x000000074c000000, 0x000000074c000000| Untracked 
| 163|0x000000074c100000, 0x000000074c100000, 0x000000074c200000|  0%| F|  |TAMS 0x000000074c100000, 0x000000074c100000| Untracked 
| 164|0x000000074c200000, 0x000000074c200000, 0x000000074c300000|  0%| F|  |TAMS 0x000000074c200000, 0x000000074c200000| Untracked 
| 165|0x000000074c300000, 0x000000074c300000, 0x000000074c400000|  0%| F|  |TAMS 0x000000074c300000, 0x000000074c300000| Untracked 
| 166|0x000000074c400000, 0x000000074c400000, 0x000000074c500000|  0%| F|  |TAMS 0x000000074c400000, 0x000000074c400000| Untracked 
| 167|0x000000074c500000, 0x000000074c500000, 0x000000074c600000|  0%| F|  |TAMS 0x000000074c500000, 0x000000074c500000| Untracked 
| 168|0x000000074c600000, 0x000000074c600000, 0x000000074c700000|  0%| F|  |TAMS 0x000000074c600000, 0x000000074c600000| Untracked 
| 169|0x000000074c700000, 0x000000074c700000, 0x000000074c800000|  0%| F|  |TAMS 0x000000074c700000, 0x000000074c700000| Untracked 
| 170|0x000000074c800000, 0x000000074c800000, 0x000000074c900000|  0%| F|  |TAMS 0x000000074c800000, 0x000000074c800000| Untracked 
| 171|0x000000074c900000, 0x000000074c900000, 0x000000074ca00000|  0%| F|  |TAMS 0x000000074c900000, 0x000000074c900000| Untracked 
| 172|0x000000074ca00000, 0x000000074ca00000, 0x000000074cb00000|  0%| F|  |TAMS 0x000000074ca00000, 0x000000074ca00000| Untracked 
| 173|0x000000074cb00000, 0x000000074cb00000, 0x000000074cc00000|  0%| F|  |TAMS 0x000000074cb00000, 0x000000074cb00000| Untracked 
| 174|0x000000074cc00000, 0x000000074cc00000, 0x000000074cd00000|  0%| F|  |TAMS 0x000000074cc00000, 0x000000074cc00000| Untracked 
| 175|0x000000074cd00000, 0x000000074cd00000, 0x000000074ce00000|  0%| F|  |TAMS 0x000000074cd00000, 0x000000074cd00000| Untracked 
| 176|0x000000074ce00000, 0x000000074ce00000, 0x000000074cf00000|  0%| F|  |TAMS 0x000000074ce00000, 0x000000074ce00000| Untracked 
| 177|0x000000074cf00000, 0x000000074cf00000, 0x000000074d000000|  0%| F|  |TAMS 0x000000074cf00000, 0x000000074cf00000| Untracked 
| 178|0x000000074d000000, 0x000000074d000000, 0x000000074d100000|  0%| F|  |TAMS 0x000000074d000000, 0x000000074d000000| Untracked 
| 179|0x000000074d100000, 0x000000074d100000, 0x000000074d200000|  0%| F|  |TAMS 0x000000074d100000, 0x000000074d100000| Untracked 
| 180|0x000000074d200000, 0x000000074d2c0ec0, 0x000000074d300000| 75%| S|CS|TAMS 0x000000074d200000, 0x000000074d200000| Complete 
| 181|0x000000074d300000, 0x000000074d300000, 0x000000074d400000|  0%| F|  |TAMS 0x000000074d300000, 0x000000074d300000| Untracked 
| 182|0x000000074d400000, 0x000000074d500000, 0x000000074d500000|100%| E|  |TAMS 0x000000074d400000, 0x000000074d400000| Complete 
| 183|0x000000074d500000, 0x000000074d600000, 0x000000074d600000|100%| E|CS|TAMS 0x000000074d500000, 0x000000074d500000| Complete 
| 184|0x000000074d600000, 0x000000074d700000, 0x000000074d700000|100%| E|CS|TAMS 0x000000074d600000, 0x000000074d600000| Complete 
| 185|0x000000074d700000, 0x000000074d800000, 0x000000074d800000|100%| E|CS|TAMS 0x000000074d700000, 0x000000074d700000| Complete 
| 186|0x000000074d800000, 0x000000074d900000, 0x000000074d900000|100%| E|CS|TAMS 0x000000074d800000, 0x000000074d800000| Complete 
| 187|0x000000074d900000, 0x000000074da00000, 0x000000074da00000|100%| E|CS|TAMS 0x000000074d900000, 0x000000074d900000| Complete 
| 188|0x000000074da00000, 0x000000074db00000, 0x000000074db00000|100%| E|CS|TAMS 0x000000074da00000, 0x000000074da00000| Complete 
| 189|0x000000074db00000, 0x000000074dc00000, 0x000000074dc00000|100%| E|CS|TAMS 0x000000074db00000, 0x000000074db00000| Complete 
| 190|0x000000074dc00000, 0x000000074dd00000, 0x000000074dd00000|100%| E|CS|TAMS 0x000000074dc00000, 0x000000074dc00000| Complete 
| 191|0x000000074dd00000, 0x000000074de00000, 0x000000074de00000|100%| E|CS|TAMS 0x000000074dd00000, 0x000000074dd00000| Complete 

Card table byte_map: [0x000002be230c0000,0x000002be236c0000] _byte_map_base: 0x000002be1f6b1000

Marking Bits (Prev, Next): (CMBitMap*) 0x000002be1001f648, (CMBitMap*) 0x000002be1001f680
 Prev Bits: [0x000002be23cc0000, 0x000002be26c48000)
 Next Bits: [0x000002be26c50000, 0x000002be29bd8000)

Polling page: 0x000002be0f7b0000

Metaspace:

Usage:
  Non-class:     13.67 MB capacity,    13.44 MB ( 98%) used,   213.43 KB (  2%) free+waste,    21.19 KB ( <1%) overhead. 
      Class:      1.82 MB capacity,     1.69 MB ( 93%) used,   121.98 KB (  7%) free+waste,    10.31 KB ( <1%) overhead. 
       Both:     15.50 MB capacity,    15.14 MB ( 98%) used,   335.41 KB (  2%) free+waste,    31.50 KB ( <1%) overhead. 

Virtual space:
  Non-class space:       14.00 MB reserved,      13.75 MB ( 98%) committed 
      Class space:        1.00 GB reserved,       1.88 MB ( <1%) committed 
             Both:        1.01 GB reserved,      15.63 MB (  2%) committed 

Chunk freelists:
   Non-Class:  15.00 KB
       Class:  21.00 KB
        Both:  36.00 KB

MaxMetaspaceSize: 17179869184.00 GB
CompressedClassSpaceSize: 1.00 GB

CodeHeap 'non-profiled nmethods': size=120064Kb used=399Kb max_used=399Kb free=119664Kb
 bounds [0x000002be1b580000, 0x000002be1b7f0000, 0x000002be22ac0000]
CodeHeap 'profiled nmethods': size=120000Kb used=2560Kb max_used=2560Kb free=117439Kb
 bounds [0x000002be14050000, 0x000002be142e0000, 0x000002be1b580000]
CodeHeap 'non-nmethods': size=5696Kb used=1107Kb max_used=1119Kb free=4588Kb
 bounds [0x000002be13ac0000, 0x000002be13d30000, 0x000002be14050000]
 total_blobs=1764 nmethods=1336 adapters=341
 compilation: enabled
              stopped_count=0, restarted_count=0
 full_count=0

Compilation events (20 events):
Event: 83.515 Thread 0x000002be2c98d800 nmethod 1327 0x000002be1b5e3290 code [0x000002be1b5e3420, 0x000002be1b5e34b8]
Event: 90.434 Thread 0x000002be2c98e800 1328       1       org.gradle.internal.logging.text.AbstractLineChoppingStyledTextOutput$StateContext::access$000 (5 bytes)
Event: 90.434 Thread 0x000002be2c98e800 nmethod 1328 0x000002be1b5e3590 code [0x000002be1b5e3740, 0x000002be1b5e37d8]
Event: 90.446 Thread 0x000002be2c98e800 1329       1       org.gradle.internal.logging.text.AbstractLineChoppingStyledTextOutput$StateContext::access$500 (5 bytes)
Event: 90.446 Thread 0x000002be2c98e800 nmethod 1329 0x000002be1b5e3890 code [0x000002be1b5e3a40, 0x000002be1b5e3ad8]
Event: 90.446 Thread 0x000002be2c98e800 1331       3       org.gradle.internal.logging.text.AbstractLineChoppingStyledTextOutput$StateContext::isCurrentCharEquals (61 bytes)
Event: 90.447 Thread 0x000002be2c98e800 nmethod 1331 0x000002be142ce110 code [0x000002be142ce340, 0x000002be142ce9d8]
Event: 90.447 Thread 0x000002be2c98e800 1330       1       org.gradle.internal.logging.text.AbstractLineChoppingStyledTextOutput$StateContext::access$600 (5 bytes)
Event: 90.447 Thread 0x000002be2c98e800 nmethod 1330 0x000002be1b5e3b90 code [0x000002be1b5e3d40, 0x000002be1b5e3dd8]
Event: 90.447 Thread 0x000002be2c98e800 1332       3       org.gradle.internal.logging.text.AbstractLineChoppingStyledTextOutput$StateContext::hasChar (22 bytes)
Event: 90.448 Thread 0x000002be2c98e800 nmethod 1332 0x000002be142ced10 code [0x000002be142ceec0, 0x000002be142cf018]
Event: 90.448 Thread 0x000002be2c98e800 1333       3       org.gradle.internal.logging.text.AbstractLineChoppingStyledTextOutput$StateContext::setState (10 bytes)
Event: 90.448 Thread 0x000002be2c98e800 nmethod 1333 0x000002be142cf090 code [0x000002be142cf240, 0x000002be142cf3f8]
Event: 90.448 Thread 0x000002be2c98e800 1334       3       org.gradle.internal.logging.text.AbstractLineChoppingStyledTextOutput::access$402 (7 bytes)
Event: 90.448 Thread 0x000002be2c98e800 nmethod 1334 0x000002be142cf510 code [0x000002be142cf6c0, 0x000002be142cf7f8]
Event: 90.448 Thread 0x000002be2c98e800 1339       3       sun.nio.cs.SingleByte$Encoder::encode (32 bytes)
Event: 90.449 Thread 0x000002be2c98e800 nmethod 1339 0x000002be142cf910 code [0x000002be142cfac0, 0x000002be142cfc78]
Event: 90.449 Thread 0x000002be2c98e800 1335       3       org.gradle.internal.logging.text.AbstractLineChoppingStyledTextOutput$1::execute (9 bytes)
Event: 90.449 Thread 0x000002be2c98e800 nmethod 1335 0x000002be142cfd90 code [0x000002be142cff60, 0x000002be142d01a8]
Event: 90.449 Thread 0x000002be2c98e800 1336       3       org.gradle.internal.logging.text.AbstractLineChoppingStyledTextOutput$1::execute (130 bytes)

GC Heap History (4 events):
Event: 2.075 GC heap before
{Heap before GC invocations=0 (full 0):
 garbage-first heap   total 196608K, used 19456K [0x0000000741e00000, 0x0000000800000000)
  region size 1024K, 14 young (14336K), 0 survivors (0K)
 Metaspace       used 8815K, capacity 9006K, committed 9216K, reserved 1056768K
  class space    used 845K, capacity 912K, committed 1024K, reserved 1048576K
}
Event: 2.231 GC heap after
{Heap after GC invocations=1 (full 0):
 garbage-first heap   total 196608K, used 7730K [0x0000000741e00000, 0x0000000800000000)
  region size 1024K, 2 young (2048K), 2 survivors (2048K)
 Metaspace       used 8815K, capacity 9006K, committed 9216K, reserved 1056768K
  class space    used 845K, capacity 912K, committed 1024K, reserved 1048576K
}
Event: 3.370 GC heap before
{Heap before GC invocations=1 (full 0):
 garbage-first heap   total 196608K, used 18994K [0x0000000741e00000, 0x0000000800000000)
  region size 1024K, 13 young (13312K), 2 survivors (2048K)
 Metaspace       used 12131K, capacity 12387K, committed 12544K, reserved 1060864K
  class space    used 1353K, capacity 1449K, committed 1536K, reserved 1048576K
}
Event: 3.376 GC heap after
{Heap after GC invocations=2 (full 0):
 garbage-first heap   total 196608K, used 8356K [0x0000000741e00000, 0x0000000800000000)
  region size 1024K, 1 young (1024K), 1 survivors (1024K)
 Metaspace       used 12131K, capacity 12387K, committed 12544K, reserved 1060864K
  class space    used 1353K, capacity 1449K, committed 1536K, reserved 1048576K
}

Deoptimization events (20 events):
Event: 8.752 Thread 0x000002be0ffcf800 DEOPT PACKING pc=0x000002be140e5361 sp=0x000000ee06ffcf10
Event: 8.752 Thread 0x000002be0ffcf800 DEOPT UNPACKING pc=0x000002be13ae6d3f sp=0x000000ee06ffc3d8 mode 0
Event: 8.755 Thread 0x000002be0ffcf800 DEOPT PACKING pc=0x000002be140e5361 sp=0x000000ee06ffcf10
Event: 8.755 Thread 0x000002be0ffcf800 DEOPT UNPACKING pc=0x000002be13ae6d3f sp=0x000000ee06ffc3d8 mode 0
Event: 8.757 Thread 0x000002be0ffcf800 DEOPT PACKING pc=0x000002be140e5361 sp=0x000000ee06ffcf10
Event: 8.757 Thread 0x000002be0ffcf800 DEOPT UNPACKING pc=0x000002be13ae6d3f sp=0x000000ee06ffc3d8 mode 0
Event: 8.759 Thread 0x000002be0ffcf800 DEOPT PACKING pc=0x000002be140e5361 sp=0x000000ee06ffcf10
Event: 8.759 Thread 0x000002be0ffcf800 DEOPT UNPACKING pc=0x000002be13ae6d3f sp=0x000000ee06ffc3d8 mode 0
Event: 8.759 Thread 0x000002be0ffcf800 DEOPT PACKING pc=0x000002be140e5361 sp=0x000000ee06ffcf10
Event: 8.759 Thread 0x000002be0ffcf800 DEOPT UNPACKING pc=0x000002be13ae6d3f sp=0x000000ee06ffc3d8 mode 0
Event: 8.761 Thread 0x000002be0ffcf800 DEOPT PACKING pc=0x000002be140e5361 sp=0x000000ee06ffcf10
Event: 8.761 Thread 0x000002be0ffcf800 DEOPT UNPACKING pc=0x000002be13ae6d3f sp=0x000000ee06ffc3d8 mode 0
Event: 9.579 Thread 0x000002be2da44000 Uncommon trap: trap_request=0xffffff4d fr.pc=0x000002be1b5ac934 relative=0x0000000000000474
Event: 9.579 Thread 0x000002be2da44000 Uncommon trap: reason=unstable_if action=reinterpret pc=0x000002be1b5ac934 method=java.lang.AbstractStringBuilder.putStringAt(ILjava/lang/String;)V @ 8 c2
Event: 9.579 Thread 0x000002be2da44000 DEOPT PACKING pc=0x000002be1b5ac934 sp=0x000000ee084fe970
Event: 9.579 Thread 0x000002be2da44000 DEOPT UNPACKING pc=0x000002be13ae6f29 sp=0x000000ee084fe878 mode 2
Event: 9.579 Thread 0x000002be2da44000 Uncommon trap: trap_request=0xffffff4d fr.pc=0x000002be1b5add84 relative=0x0000000000000444
Event: 9.579 Thread 0x000002be2da44000 Uncommon trap: reason=unstable_if action=reinterpret pc=0x000002be1b5add84 method=java.lang.AbstractStringBuilder.putStringAt(ILjava/lang/String;)V @ 8 c2
Event: 9.579 Thread 0x000002be2da44000 DEOPT PACKING pc=0x000002be1b5add84 sp=0x000000ee084fe900
Event: 9.579 Thread 0x000002be2da44000 DEOPT UNPACKING pc=0x000002be13ae6f29 sp=0x000000ee084fe870 mode 2

Classes redefined (0 events):
No events

Internal exceptions (13 events):
Event: 0.450 Thread 0x000002be0ffcf800 Exception <a 'java/lang/NoSuchMethodError'{0x000000074dc8ca10}: 'int java.lang.invoke.DirectMethodHandle$Holder.invokeSpecialIFC(java.lang.Object, java.lang.Object, int)'> (0x000000074dc8ca10) thrown at [./src/hotspot/share/interpreter/linkResolver.cpp, line 773]
Event: 2.571 Thread 0x000002be0ffcf800 Exception <a 'java/lang/NoSuchMethodError'{0x000000074d900a28}: 'java.lang.Object java.lang.invoke.DirectMethodHandle$Holder.invokeVirtual(java.lang.Object, java.lang.Object, java.lang.Object, java.lang.Object, java.lang.Object)'> (0x000000074d900a28) thrown at [./src/hotspot/share/interpreter/linkResolver.cpp, line 773]
Event: 2.733 Thread 0x000002be0ffcf800 Exception <a 'java/lang/NoClassDefFoundError'{0x000000074d8c37d0}: org/slf4j/impl/StaticMarkerBinder> (0x000000074d8c37d0) thrown at [./src/hotspot/share/classfile/systemDictionary.cpp, line 220]
Event: 3.132 Thread 0x000002be0ffcf800 Exception <a 'java/lang/NoSuchMethodError'{0x000000074d417878}: 'java.lang.Object java.lang.invoke.DirectMethodHandle$Holder.invokeStaticInit(java.lang.Object, java.lang.Object, java.lang.Object)'> (0x000000074d417878) thrown at [./src/hotspot/share/interpreter/linkResolver.cpp, line 773]
Event: 3.349 Thread 0x000002be0ffcf800 Exception <a 'java/lang/NoSuchMethodError'{0x000000074d3b78f8}: 'java.lang.Object java.lang.invoke.Invokers$Holder.invoker(java.lang.Object, java.lang.Object, java.lang.Object, java.lang.Object, java.lang.Object)'> (0x000000074d3b78f8) thrown at [./src/hotspot/share/interpreter/linkResolver.cpp, line 773]
Event: 3.354 Thread 0x000002be0ffcf800 Exception <a 'java/lang/NoSuchMethodError'{0x000000074d3c8728}: 'void java.lang.invoke.DelegatingMethodHandle$Holder.delegate(java.lang.Object, java.lang.Object, int, java.lang.Object)'> (0x000000074d3c8728) thrown at [./src/hotspot/share/interpreter/linkResolver.cpp, line 773]
Event: 3.575 Thread 0x000002be0ffcf800 Exception <a 'java/lang/NoSuchMethodError'{0x000000074db9ee98}: 'java.lang.Object java.lang.invoke.DirectMethodHandle$Holder.invokeStaticInit(java.lang.Object, int, int, int, int)'> (0x000000074db9ee98) thrown at [./src/hotspot/share/interpreter/linkResolver.cpp, line 773]
Event: 5.392 Thread 0x000002be0ffcf800 Exception <a 'java/lang/NoSuchMethodError'{0x000000074dbe0de8}: 'java.lang.Object java.lang.invoke.DirectMethodHandle$Holder.invokeStaticInit(java.lang.Object, java.lang.Object, int, int, int, int)'> (0x000000074dbe0de8) thrown at [./src/hotspot/share/interpreter/linkResolver.cpp, line 773]
Event: 9.239 Thread 0x000002be2da44000 Exception <a 'java/lang/NoSuchMethodError'{0x000000074d50f840}: 'void java.lang.invoke.DirectMethodHandle$Holder.invokeStatic(java.lang.Object, long)'> (0x000000074d50f840) thrown at [./src/hotspot/share/interpreter/linkResolver.cpp, line 773]
Event: 9.240 Thread 0x000002be2da44000 Exception <a 'java/lang/NoSuchMethodError'{0x000000074d514a90}: 'java.lang.Object java.lang.invoke.DirectMethodHandle$Holder.invokeStatic(java.lang.Object, long)'> (0x000000074d514a90) thrown at [./src/hotspot/share/interpreter/linkResolver.cpp, line 773]
Event: 9.244 Thread 0x000002be2da44000 Exception <a 'java/lang/NoSuchMethodError'{0x000000074d522b30}: 'java.lang.Object java.lang.invoke.DirectMethodHandle$Holder.invokeStaticInit(java.lang.Object, java.lang.Object, long, java.lang.Object)'> (0x000000074d522b30) thrown at [./src/hotspot/share/interpreter/linkResolver.cpp, line 773]
Event: 9.245 Thread 0x000002be2da44000 Exception <a 'java/lang/NoSuchMethodError'{0x000000074d528a58}: 'java.lang.Object java.lang.invoke.DirectMethodHandle$Holder.invokeStatic(java.lang.Object, java.lang.Object, long)'> (0x000000074d528a58) thrown at [./src/hotspot/share/interpreter/linkResolver.cpp, line 773]
Event: 9.246 Thread 0x000002be2da44000 Exception <a 'java/lang/NoSuchMethodError'{0x000000074d52ed28}: 'java.lang.Object java.lang.invoke.Invokers$Holder.linkToTargetMethod(java.lang.Object, long, java.lang.Object)'> (0x000000074d52ed28) thrown at [./src/hotspot/share/interpreter/linkResolver.cpp, line 773]

Events (20 events):
Event: 45.696 loading class jdk/internal/reflect/ClassFileAssembler
Event: 45.696 loading class jdk/internal/reflect/ClassFileAssembler done
Event: 45.697 loading class jdk/internal/reflect/UTF8
Event: 45.697 loading class jdk/internal/reflect/UTF8 done
Event: 45.698 loading class jdk/internal/reflect/Label
Event: 45.699 loading class jdk/internal/reflect/Label done
Event: 45.699 loading class jdk/internal/reflect/Label$PatchInfo
Event: 45.699 loading class jdk/internal/reflect/Label$PatchInfo done
Event: 45.699 loading class jdk/internal/reflect/MethodAccessorGenerator$1
Event: 45.699 loading class jdk/internal/reflect/MethodAccessorGenerator$1 done
Event: 45.699 loading class jdk/internal/reflect/ClassDefiner
Event: 45.699 loading class jdk/internal/reflect/ClassDefiner done
Event: 45.699 loading class jdk/internal/reflect/ClassDefiner$1
Event: 45.699 loading class jdk/internal/reflect/ClassDefiner$1 done
Event: 90.335 loading class org/gradle/internal/logging/events/StyledTextOutputEvent$Span
Event: 90.335 loading class org/gradle/internal/logging/events/StyledTextOutputEvent$Span done
Event: 90.336 loading class org/gradle/internal/logging/events/operations/StyledTextBuildOperationProgressDetails$Span
Event: 90.336 loading class org/gradle/internal/logging/events/operations/StyledTextBuildOperationProgressDetails$Span done
Event: 90.426 loading class org/gradle/internal/logging/text/AbstractLineChoppingStyledTextOutput$StateContext
Event: 90.426 loading class org/gradle/internal/logging/text/AbstractLineChoppingStyledTextOutput$StateContext done


Dynamic libraries:
0x00007ff65b740000 - 0x00007ff65b74a000 	D:\Softwares\Android\Android Studio\jre\bin\java.exe
0x00007ffaecfd0000 - 0x00007ffaed1c5000 	C:\WINDOWS\SYSTEM32\ntdll.dll
0x00007ffaeb2b0000 - 0x00007ffaeb36e000 	C:\WINDOWS\System32\KERNEL32.DLL
0x00007ffaea830000 - 0x00007ffaeaaf8000 	C:\WINDOWS\System32\KERNELBASE.dll
0x00007ffaeaba0000 - 0x00007ffaeaca0000 	C:\WINDOWS\System32\ucrtbase.dll
0x00007ffac51a0000 - 0x00007ffac51b9000 	D:\Softwares\Android\Android Studio\jre\bin\jli.dll
0x00007ffaec650000 - 0x00007ffaec7f1000 	C:\WINDOWS\System32\USER32.dll
0x00007ffaea800000 - 0x00007ffaea822000 	C:\WINDOWS\System32\win32u.dll
0x00007ffaec930000 - 0x00007ffaec95b000 	C:\WINDOWS\System32\GDI32.dll
0x00007ffaea6f0000 - 0x00007ffaea7fb000 	C:\WINDOWS\System32\gdi32full.dll
0x00007ffaeab00000 - 0x00007ffaeab9d000 	C:\WINDOWS\System32\msvcp_win.dll
0x00007ffac2a50000 - 0x00007ffac2a67000 	D:\Softwares\Android\Android Studio\jre\bin\VCRUNTIME140.dll
0x00007ffad9db0000 - 0x00007ffada04a000 	C:\WINDOWS\WinSxS\amd64_microsoft.windows.common-controls_6595b64144ccf1df_6.0.19041.1110_none_60b5254171f9507e\COMCTL32.dll
0x00007ffaeb210000 - 0x00007ffaeb2ae000 	C:\WINDOWS\System32\msvcrt.dll
0x00007ffaeba10000 - 0x00007ffaeba40000 	C:\WINDOWS\System32\IMM32.DLL
0x00007ffab6a50000 - 0x00007ffab6aed000 	D:\Softwares\Android\Android Studio\jre\bin\msvcp140.dll
0x00007ffa84250000 - 0x00007ffa84d1f000 	D:\Softwares\Android\Android Studio\jre\bin\server\jvm.dll
0x00007ffaeca40000 - 0x00007ffaecaec000 	C:\WINDOWS\System32\ADVAPI32.dll
0x00007ffaec1e0000 - 0x00007ffaec27b000 	C:\WINDOWS\System32\sechost.dll
0x00007ffaeb8e0000 - 0x00007ffaeba0a000 	C:\WINDOWS\System32\RPCRT4.dll
0x00007ffaeb450000 - 0x00007ffaeb458000 	C:\WINDOWS\System32\PSAPI.DLL
0x00007ffad73b0000 - 0x00007ffad73b9000 	C:\WINDOWS\SYSTEM32\WSOCK32.dll
0x00007ffaec390000 - 0x00007ffaec3fb000 	C:\WINDOWS\System32\WS2_32.dll
0x00007ffad7960000 - 0x00007ffad7987000 	C:\WINDOWS\SYSTEM32\WINMM.dll
0x00007ffad9040000 - 0x00007ffad904a000 	C:\WINDOWS\SYSTEM32\VERSION.dll
0x00007ffae85f0000 - 0x00007ffae8602000 	C:\WINDOWS\SYSTEM32\kernel.appcore.dll
0x00007ffabe080000 - 0x00007ffabe091000 	D:\Softwares\Android\Android Studio\jre\bin\verify.dll
0x00007ffadc110000 - 0x00007ffadc2f4000 	C:\WINDOWS\SYSTEM32\DBGHELP.DLL
0x00007ffad25a0000 - 0x00007ffad25cc000 	C:\WINDOWS\SYSTEM32\dbgcore.DLL
0x00007ffaeaeb0000 - 0x00007ffaeaf33000 	C:\WINDOWS\System32\bcryptPrimitives.dll
0x00007ffabb9e0000 - 0x00007ffabba09000 	D:\Softwares\Android\Android Studio\jre\bin\java.dll
0x00007ffac6ac0000 - 0x00007ffac6acb000 	D:\Softwares\Android\Android Studio\jre\bin\jimage.dll
0x00007ffabdf80000 - 0x00007ffabdf98000 	D:\Softwares\Android\Android Studio\jre\bin\zip.dll
0x00007ffaebaa0000 - 0x00007ffaec1df000 	C:\WINDOWS\System32\SHELL32.dll
0x00007ffae87f0000 - 0x00007ffae8f80000 	C:\WINDOWS\SYSTEM32\windows.storage.dll
0x00007ffaecb70000 - 0x00007ffaecec5000 	C:\WINDOWS\System32\combase.dll
0x00007ffaea070000 - 0x00007ffaea09e000 	C:\WINDOWS\SYSTEM32\Wldp.dll
0x00007ffaec280000 - 0x00007ffaec32d000 	C:\WINDOWS\System32\SHCORE.dll
0x00007ffaec330000 - 0x00007ffaec385000 	C:\WINDOWS\System32\shlwapi.dll
0x00007ffaea630000 - 0x00007ffaea64f000 	C:\WINDOWS\SYSTEM32\profapi.dll
0x00007ffabd4f0000 - 0x00007ffabd50a000 	D:\Softwares\Android\Android Studio\jre\bin\net.dll
0x00007ffadb630000 - 0x00007ffadb73c000 	C:\WINDOWS\SYSTEM32\WINHTTP.dll
0x00007ffae9dd0000 - 0x00007ffae9e3a000 	C:\WINDOWS\system32\mswsock.dll
0x00007ffabb9c0000 - 0x00007ffabb9d4000 	D:\Softwares\Android\Android Studio\jre\bin\nio.dll
0x00007ffab6a20000 - 0x00007ffab6a46000 	C:\Users\disaster\.gradle\native\30\windows-amd64\native-platform.dll
0x00007ffac4c30000 - 0x00007ffac4c3a000 	D:\Softwares\Android\Android Studio\jre\bin\management.dll
0x00007ffac4c00000 - 0x00007ffac4c0c000 	D:\Softwares\Android\Android Studio\jre\bin\management_ext.dll
0x00007ffae9fc0000 - 0x00007ffae9fd8000 	C:\WINDOWS\SYSTEM32\CRYPTSP.dll
0x00007ffae9750000 - 0x00007ffae9784000 	C:\WINDOWS\system32\rsaenh.dll
0x00007ffaeaf40000 - 0x00007ffaeaf67000 	C:\WINDOWS\System32\bcrypt.dll
0x00007ffaea5f0000 - 0x00007ffaea61e000 	C:\WINDOWS\SYSTEM32\USERENV.dll
0x00007ffae9fe0000 - 0x00007ffae9fec000 	C:\WINDOWS\SYSTEM32\CRYPTBASE.dll
0x00007ffae9ac0000 - 0x00007ffae9afb000 	C:\WINDOWS\SYSTEM32\IPHLPAPI.DLL
0x00007ffaeced0000 - 0x00007ffaeced8000 	C:\WINDOWS\System32\NSI.dll
0x00007ffae3460000 - 0x00007ffae3477000 	C:\WINDOWS\SYSTEM32\dhcpcsvc6.DLL
0x00007ffae34d0000 - 0x00007ffae34ed000 	C:\WINDOWS\SYSTEM32\dhcpcsvc.DLL
0x00007ffae9b00000 - 0x00007ffae9bcb000 	C:\WINDOWS\SYSTEM32\DNSAPI.dll

dbghelp: loaded successfully - version: 4.0.5 - missing functions: none
symbol engine: initialized successfully - sym options: 0x614 - pdb path: .;D:\Softwares\Android\Android Studio\jre\bin;C:\WINDOWS\SYSTEM32;C:\WINDOWS\WinSxS\amd64_microsoft.windows.common-controls_6595b64144ccf1df_6.0.19041.1110_none_60b5254171f9507e;D:\Softwares\Android\Android Studio\jre\bin\server;C:\Users\disaster\.gradle\native\30\windows-amd64

VM Arguments:
jvm_args: -Dorg.gradle.appname=gradlew 
java_command: org.gradle.wrapper.GradleWrapperMain -q -Ptarget-platform=android-x86 -Ptarget=C:\Users\disaster\Desktop\theDesktop\Mobile Dev\0_Flutter_development\starter\lib\main.dart -Pdart-defines=Zmx1dHRlci5pbnNwZWN0b3Iuc3RydWN0dXJlZEVycm9ycz10cnVl,RkxVVFRFUl9XRUJfQVVUT19ERVRFQ1Q9dHJ1ZQ== -Pdart-obfuscation=false -Ptrack-widget-creation=true -Ptree-shake-icons=false -Pfilesystem-scheme=org-dartlang-root assembleDebug
java_class_path (initial): C:\Users\disaster\Desktop\theDesktop\Mobile Dev\0_Flutter_development\starter\android\\gradle\wrapper\gradle-wrapper.jar
Launcher Type: SUN_STANDARD

[Global flags]
     intx CICompilerCount                          = 3                                         {product} {ergonomic}
     uint ConcGCThreads                            = 1                                         {product} {ergonomic}
     uint G1ConcRefinementThreads                  = 4                                         {product} {ergonomic}
   size_t G1HeapRegionSize                         = 1048576                                   {product} {ergonomic}
    uintx GCDrainStackTargetSize                   = 64                                        {product} {ergonomic}
   size_t InitialHeapSize                          = 201326592                                 {product} {ergonomic}
   size_t MarkStackSize                            = 4194304                                   {product} {ergonomic}
   size_t MaxHeapSize                              = 3189768192                                {product} {ergonomic}
   size_t MaxNewSize                               = 1913651200                                {product} {ergonomic}
   size_t MinHeapDeltaBytes                        = 1048576                                   {product} {ergonomic}
    uintx NonNMethodCodeHeapSize                   = 5830732                                {pd product} {ergonomic}
    uintx NonProfiledCodeHeapSize                  = 122913754                              {pd product} {ergonomic}
    uintx ProfiledCodeHeapSize                     = 122913754                              {pd product} {ergonomic}
    uintx ReservedCodeCacheSize                    = 251658240                              {pd product} {ergonomic}
     bool SegmentedCodeCache                       = true                                      {product} {ergonomic}
     bool UseCompressedClassPointers               = true                                 {lp64_product} {ergonomic}
     bool UseCompressedOops                        = true                                 {lp64_product} {ergonomic}
     bool UseG1GC                                  = true                                      {product} {ergonomic}
     bool UseLargePagesIndividualAllocation        = false                                  {pd product} {ergonomic}

Logging:
Log output configuration:
 #0: stdout all=warning uptime,level,tags
 #1: stderr all=off uptime,level,tags

Environment Variables:
JAVA_HOME=D:\Softwares\Android\Android Studio\jre
CLASSPATH=C:\Users\disaster\Desktop\theDesktop\Mobile Dev\0_Flutter_development\starter\android\\gradle\wrapper\gradle-wrapper.jar
PATH=D:\Softwares\VMware\VMware Player\bin\;C:\D\MinGW\bin;C:\d\Python\Python39\Scripts\;C:\d\Python\Python39\;C:\d\Python\Python38\Scripts\;C:\d\Python\Python38\;C:\Python\Python38\Scripts\;C:\Python\Python38\;C:\Program Files (x86)\Common Files\Oracle\Java\javapath;C:\WINDOWS\system32;C:\WINDOWS;C:\WINDOWS\System32\Wbem;C:\WINDOWS\System32\WindowsPowerShell\v1.0\;C:\WINDOWS\System32\OpenSSH\;C:\d\Calibre2\;C:\Program Files\PowerShell\6\;C:\Program Files (x86)\Intel\Intel(R) Memory And Storage Tool\;C:\d\WinMerge;C:\D\flutter\bin\mingit\cmd;C:\D\flutter\bin;C:\Users\disaster\AppData\Local\Microsoft\WindowsApps;;C:\D\flutter\bin\mingit\cmd
USERNAME=disaster
OS=Windows_NT
PROCESSOR_IDENTIFIER=Intel64 Family 6 Model 142 Stepping 9, GenuineIntel



---------------  S Y S T E M  ---------------

OS: Windows 10 , 64 bit Build 19041 (10.0.19041.1348)
OS uptime: 1 days 1:24 hours

CPU:total 4 (initial active 4) (2 cores per cpu, 2 threads per core) family 6 model 142 stepping 9 microcode 0xd6, cmov, cx8, fxsr, mmx, sse, sse2, sse3, ssse3, sse4.1, sse4.2, popcnt, aes, clmul, erms, 3dnowpref, lzcnt, ht, tsc, tscinvbit

Memory: 4k page, system-wide physical 12162M (259M free)
TotalPageFile size 20354M (AvailPageFile size 9M)
current process WorkingSet (physical memory assigned to process): 83M, peak: 84M
current process commit charge ("private bytes"): 281M, peak: 284M

vm_info: OpenJDK 64-Bit Server VM (11.0.10+0-b96-7249189) for windows-amd64 JRE (11.0.10+0-b96-7249189), built on Mar 31 2021 21:44:00 by "builder" with MS VC++ 14.0 (VS2015)

END.
